<?xml version="1.0" encoding="UTF-8"?>
<!-- Generated by org.testng.reporters.JUnitReportReporter -->
<testsuite hostname="DESKTOP-2DC4B1N" failures="0" tests="1" name="crudOperationWithoutBDD.deleteProjectTest" time="1.786" errors="0" timestamp="1 Sep 2022 12:50:01 GMT">
  <testcase classname="crudOperationWithoutBDD.deleteProjectTest" name="deleteProject" time="1.786"/>
</testsuite> <!-- crudOperationWithoutBDD.deleteProjectTest -->
