<?xml version="1.0" encoding="UTF-8"?>
<!-- Generated by org.testng.reporters.JUnitReportReporter -->
<testsuite hostname="DESKTOP-2DC4B1N" failures="0" tests="1" name="RequestChaning.CrudOperationInRequestChainingUsingPathParameter" time="3.127" errors="0" timestamp="5 Sep 2022 15:37:12 GMT">
  <testcase classname="RequestChaning.CrudOperationInRequestChainingUsingPathParameter" name="CRUDOPERATION" time="3.127"/>
</testsuite> <!-- RequestChaning.CrudOperationInRequestChainingUsingPathParameter -->
