<?xml version="1.0" encoding="UTF-8"?>
<!-- Generated by org.testng.reporters.JUnitReportReporter -->
<testsuite hostname="DESKTOP-2DC4B1N" failures="0" tests="1" name="crudOperationWithoutBDD.updateProjectTest" time="2.116" errors="0" timestamp="1 Sep 2022 12:44:15 GMT">
  <testcase classname="crudOperationWithoutBDD.updateProjectTest" name="updateProject" time="2.116"/>
</testsuite> <!-- crudOperationWithoutBDD.updateProjectTest -->
