<?xml version="1.0" encoding="UTF-8"?>
<!-- Generated by org.testng.reporters.JUnitReportReporter -->
<testsuite hostname="DESKTOP-2DC4B1N" failures="0" tests="1" name="RequestChaning.postAndPutTheProjectusingPathParameter" time="2.739" errors="0" timestamp="5 Sep 2022 12:20:38 GMT">
  <testcase classname="RequestChaning.postAndPutTheProjectusingPathParameter" name="postAndPutThePro" time="2.739"/>
</testsuite> <!-- RequestChaning.postAndPutTheProjectusingPathParameter -->
