<?xml version="1.0" encoding="UTF-8"?>
<!-- Generated by org.testng.reporters.JUnitReportReporter -->
<testsuite hostname="DESKTOP-2DC4B1N" failures="0" tests="1" name="differentWaysToPostRequest.createProjectUsingHashMap" time="2.152" errors="0" timestamp="3 Sep 2022 05:32:07 GMT">
  <testcase classname="differentWaysToPostRequest.createProjectUsingHashMap" name="develop" time="2.152"/>
</testsuite> <!-- differentWaysToPostRequest.createProjectUsingHashMap -->
