<?xml version="1.0" encoding="UTF-8"?>
<!-- Generated by org.testng.reporters.JUnitReportReporter -->
<testsuite hostname="DESKTOP-2DC4B1N" failures="0" tests="1" name="ReqresAssignment.PatchTheProject" time="2.761" errors="0" timestamp="5 Sep 2022 05:55:11 GMT">
  <testcase classname="ReqresAssignment.PatchTheProject" name="patchProject" time="2.761"/>
</testsuite> <!-- ReqresAssignment.PatchTheProject -->
