<?xml version="1.0" encoding="UTF-8"?>
<!-- Generated by org.testng.reporters.JUnitReportReporter -->
<testsuite hostname="DESKTOP-2DC4B1N" failures="0" tests="1" name="Authetication.basicAuth" time="4.251" errors="0" timestamp="6 Sep 2022 06:54:37 GMT">
  <testcase classname="Authetication.basicAuth" name="Basic" time="4.251"/>
</testsuite> <!-- Authetication.basicAuth -->
