<?xml version="1.0" encoding="UTF-8"?>
<!-- Generated by org.testng.reporters.JUnitReportReporter -->
<testsuite hostname="DESKTOP-2DC4B1N" failures="0" tests="1" name="RequestChaning.postAndDeleteTheProjectUsingParamparameter" time="2.776" errors="0" timestamp="5 Sep 2022 11:32:44 GMT">
  <testcase classname="RequestChaning.postAndDeleteTheProjectUsingParamparameter" name="createandDelete" time="2.776"/>
</testsuite> <!-- RequestChaning.postAndDeleteTheProjectUsingParamparameter -->
