<?xml version="1.0" encoding="UTF-8"?>
<!-- Generated by org.testng.reporters.JUnitReportReporter -->
<testsuite hostname="DESKTOP-2DC4B1N" failures="0" tests="1" name="assignmentOfPetStore.PostThePet" time="3.613" errors="0" timestamp="6 Sep 2022 12:07:58 GMT">
  <testcase classname="assignmentOfPetStore.PostThePet" name="CreatePet" time="3.613"/>
</testsuite> <!-- assignmentOfPetStore.PostThePet -->
