<?xml version="1.0" encoding="UTF-8"?>
<!-- Generated by org.testng.reporters.JUnitReportReporter -->
<testsuite hostname="DESKTOP-2DC4B1N" failures="0" tests="1" name="crudOperationsWithBDD.deleteProjectTest" time="1.995" errors="0" timestamp="2 Sep 2022 10:38:53 GMT">
  <testcase classname="crudOperationsWithBDD.deleteProjectTest" name="Delete" time="1.995"/>
</testsuite> <!-- crudOperationsWithBDD.deleteProjectTest -->
