<?xml version="1.0" encoding="UTF-8"?>
<!-- Generated by org.testng.reporters.JUnitReportReporter -->
<testsuite hostname="DESKTOP-2DC4B1N" failures="0" tests="1" name="crudOperationWithoutBDD.getParticularProjectTest" time="1.671" errors="0" timestamp="1 Sep 2022 12:11:31 GMT">
  <testcase classname="crudOperationWithoutBDD.getParticularProjectTest" name="getParticularProject" time="1.671"/>
</testsuite> <!-- crudOperationWithoutBDD.getParticularProjectTest -->
