<?xml version="1.0" encoding="UTF-8"?>
<!-- Generated by org.testng.reporters.JUnitReportReporter -->
<testsuite hostname="DESKTOP-2DC4B1N" failures="0" tests="1" name="assignmentOfPetStore.DeleteThePet" time="3.393" errors="0" timestamp="6 Sep 2022 12:19:03 GMT">
  <testcase classname="assignmentOfPetStore.DeleteThePet" name="delPet" time="3.393"/>
</testsuite> <!-- assignmentOfPetStore.DeleteThePet -->
