<?xml version="1.0" encoding="UTF-8"?>
<!-- Generated by org.testng.reporters.JUnitReportReporter -->
<testsuite hostname="DESKTOP-2DC4B1N" failures="0" tests="1" name="ReqresAssignment.PutTheProject" time="3.301" errors="0" timestamp="5 Sep 2022 05:49:52 GMT">
  <testcase classname="ReqresAssignment.PutTheProject" name="updateTheProject" time="3.301"/>
</testsuite> <!-- ReqresAssignment.PutTheProject -->
