<?xml version="1.0" encoding="UTF-8"?>
<!-- Generated by org.testng.reporters.JUnitReportReporter -->
<testsuite hostname="DESKTOP-2DC4B1N" failures="0" tests="1" name="Authetication.Preemptive" time="5.187" errors="0" timestamp="6 Sep 2022 07:06:36 GMT">
  <testcase classname="Authetication.Preemptive" name="preemptiveAuth" time="5.187"/>
</testsuite> <!-- Authetication.Preemptive -->
