<?xml version="1.0" encoding="UTF-8"?>
<!-- Generated by org.testng.reporters.JUnitReportReporter -->
<testsuite hostname="DESKTOP-2DC4B1N" failures="0" tests="1" name="RequestChaning.requestchainingusingpathparameter" time="2.966" errors="0" timestamp="5 Sep 2022 10:44:39 GMT">
  <testcase classname="RequestChaning.requestchainingusingpathparameter" name="createpro" time="2.966"/>
</testsuite> <!-- RequestChaning.requestchainingusingpathparameter -->
