<?xml version="1.0" encoding="UTF-8"?>
<!-- Generated by org.testng.reporters.JUnitReportReporter -->
<testsuite hostname="DESKTOP-2DC4B1N" failures="0" tests="1" name="parameters.getUsingPathParameter" time="4.454" errors="0" timestamp="6 Sep 2022 06:29:03 GMT">
  <testcase classname="parameters.getUsingPathParameter" name="gettheProject" time="4.454"/>
</testsuite> <!-- parameters.getUsingPathParameter -->
