<?xml version="1.0" encoding="UTF-8"?>
<!-- Generated by org.testng.reporters.JUnitReportReporter -->
<testsuite hostname="DESKTOP-2DC4B1N" failures="0" tests="2" name="UsingLibrariesPerformCrudOperation.CreateAndDeleteTheProjectUsingRestAssuredUtility" time="16.340" errors="0" timestamp="7 Sep 2022 12:55:05 GMT">
  <testcase classname="UsingLibrariesPerformCrudOperation.CreateAndDeleteTheProjectUsingRestAssuredUtility" name="CreateAndDelete" time="9.356"/>
  <testcase classname="UsingLibrariesPerformCrudOperation.CreateAndDeleteTheProjectUsingRestAssuredUtility" name="delete" time="6.984"/>
</testsuite> <!-- UsingLibrariesPerformCrudOperation.CreateAndDeleteTheProjectUsingRestAssuredUtility -->
