<?xml version="1.0" encoding="UTF-8"?>
<!-- Generated by org.testng.reporters.JUnitReportReporter -->
<testsuite hostname="DESKTOP-2DC4B1N" failures="0" tests="1" name="crudOperationsWithBDD.getParticularProjectTest" time="1.709" errors="0" timestamp="2 Sep 2022 10:15:53 GMT">
  <testcase classname="crudOperationsWithBDD.getParticularProjectTest" name="getOneProject" time="1.709"/>
</testsuite> <!-- crudOperationsWithBDD.getParticularProjectTest -->
