<?xml version="1.0" encoding="UTF-8"?>
<!-- Generated by org.testng.reporters.JUnitReportReporter -->
<testsuite hostname="DESKTOP-2DC4B1N" failures="0" tests="1" name="crudOperationWithoutBDD.getAllProjectsTest" time="1.729" errors="0" timestamp="1 Sep 2022 12:06:55 GMT">
  <testcase classname="crudOperationWithoutBDD.getAllProjectsTest" name="getAllProjects" time="1.729"/>
</testsuite> <!-- crudOperationWithoutBDD.getAllProjectsTest -->
