<?xml version="1.0" encoding="UTF-8"?>
<!-- Generated by org.testng.reporters.JUnitReportReporter -->
<testsuite hostname="DESKTOP-2DC4B1N" failures="0" tests="1" name="crudOperationsWithBDD.addProjectTest" time="2.219" errors="0" timestamp="2 Sep 2022 10:28:01 GMT">
  <testcase classname="crudOperationsWithBDD.addProjectTest" name="Create" time="2.219"/>
</testsuite> <!-- crudOperationsWithBDD.addProjectTest -->
