<?xml version="1.0" encoding="UTF-8"?>
<!-- Generated by org.testng.reporters.JUnitReportReporter -->
<testsuite hostname="DESKTOP-2DC4B1N" failures="0" tests="1" name="crudOperationsWithBDD.getAllProjectsTest" time="1.615" errors="0" timestamp="2 Sep 2022 10:12:26 GMT">
  <testcase classname="crudOperationsWithBDD.getAllProjectsTest" name="getAllProject" time="1.615"/>
</testsuite> <!-- crudOperationsWithBDD.getAllProjectsTest -->
