<?xml version="1.0" encoding="UTF-8"?>
<!-- Generated by org.testng.reporters.JUnitReportReporter -->
<testsuite hostname="DESKTOP-2DC4B1N" failures="0" tests="1" name="staticAndDynamicValidation.StaticValidation" time="2.413" errors="0" timestamp="5 Sep 2022 07:54:09 GMT">
  <testcase classname="staticAndDynamicValidation.StaticValidation" name="staticvalidate" time="2.413"/>
</testsuite> <!-- staticAndDynamicValidation.StaticValidation -->
