<?xml version="1.0" encoding="UTF-8"?>
<!-- Generated by org.testng.reporters.JUnitReportReporter -->
<testsuite hostname="DESKTOP-2DC4B1N" failures="0" tests="1" name="Authetication.Outh2" time="3.687" errors="0" timestamp="6 Sep 2022 10:06:04 GMT">
  <testcase classname="Authetication.Outh2" name="outh20Authnetocation" time="3.687"/>
</testsuite> <!-- Authetication.Outh2 -->
