<?xml version="1.0" encoding="UTF-8"?>
<!-- Generated by org.testng.reporters.JUnitReportReporter -->
<testsuite hostname="DESKTOP-2DC4B1N" failures="0" tests="4" name="dataProvider.createTheProjectusingdataProviderwithoutHardcode" time="2.335" errors="0" timestamp="5 Sep 2022 04:58:02 GMT">
  <testcase classname="dataProvider.createTheProjectusingdataProviderwithoutHardcode" name="addProject" time="0.034"/>
  <testcase classname="dataProvider.createTheProjectusingdataProviderwithoutHardcode" name="addProject" time="0.050"/>
  <testcase classname="dataProvider.createTheProjectusingdataProviderwithoutHardcode" name="addProject" time="2.207"/>
  <testcase classname="dataProvider.createTheProjectusingdataProviderwithoutHardcode" name="addProject" time="0.044"/>
</testsuite> <!-- dataProvider.createTheProjectusingdataProviderwithoutHardcode -->
