<?xml version="1.0" encoding="UTF-8"?>
<!-- Generated by org.testng.reporters.JUnitReportReporter -->
<testsuite hostname="DESKTOP-2DC4B1N" failures="0" tests="1" name="Authetication.DigestiveAuth" time="4.362" errors="0" timestamp="6 Sep 2022 07:10:17 GMT">
  <testcase classname="Authetication.DigestiveAuth" name="digestBasicAuth" time="4.362"/>
</testsuite> <!-- Authetication.DigestiveAuth -->
