<?xml version="1.0" encoding="UTF-8"?>
<!-- Generated by org.testng.reporters.JUnitReportReporter -->
<testsuite hostname="DESKTOP-2DC4B1N" failures="0" tests="1" name="differenttypesToPostThtRequest.addProjects" time="2.448" errors="0" timestamp="3 Sep 2022 05:16:12 GMT">
  <testcase classname="differenttypesToPostThtRequest.addProjects" name="addproj" time="2.448"/>
</testsuite> <!-- differenttypesToPostThtRequest.addProjects -->
