<?xml version="1.0" encoding="UTF-8"?>
<!-- Generated by org.testng.reporters.JUnitReportReporter -->
<testsuite hostname="DESKTOP-2DC4B1N" failures="0" tests="1" name="UsingLibrariesPerformCrudOperation.PostTheProject" time="2.112" errors="0" timestamp="7 Sep 2022 07:37:04 GMT">
  <testcase classname="UsingLibrariesPerformCrudOperation.PostTheProject" name="create" time="2.112"/>
</testsuite> <!-- UsingLibrariesPerformCrudOperation.PostTheProject -->
