<?xml version="1.0" encoding="UTF-8"?>
<!-- Generated by org.testng.reporters.JUnitReportReporter -->
<testsuite hostname="DESKTOP-2DC4B1N" failures="0" tests="1" name="assignmentOfPetStore.GetTheParticularPet" time="3.288" errors="0" timestamp="6 Sep 2022 12:09:15 GMT">
  <testcase classname="assignmentOfPetStore.GetTheParticularPet" name="getOnlyOnePet" time="3.288"/>
</testsuite> <!-- assignmentOfPetStore.GetTheParticularPet -->
