<?xml version="1.0" encoding="UTF-8"?>
<!-- Generated by org.testng.reporters.JUnitReportReporter -->
<testsuite hostname="DESKTOP-2DC4B1N" failures="0" tests="1" name="TimeValidationUsingHamcrest.timrValidation" time="2.303" errors="0" timestamp="5 Sep 2022 09:45:23 GMT">
  <testcase classname="TimeValidationUsingHamcrest.timrValidation" name="ValidateTime" time="2.303"/>
</testsuite> <!-- TimeValidationUsingHamcrest.timrValidation -->
