<?xml version="1.0" encoding="UTF-8"?>
<!-- Generated by org.testng.reporters.JUnitReportReporter -->
<testsuite hostname="DESKTOP-2DC4B1N" failures="0" tests="1" name="crudOperationWithoutBDD.addProjectTest" time="2.787" errors="0" timestamp="1 Sep 2022 11:52:31 GMT">
  <testcase classname="crudOperationWithoutBDD.addProjectTest" name="Create" time="2.787"/>
</testsuite> <!-- crudOperationWithoutBDD.addProjectTest -->
