<?xml version="1.0" encoding="UTF-8"?>
<!-- Generated by org.testng.reporters.JUnitReportReporter -->
<testsuite hostname="DESKTOP-2DC4B1N" failures="0" tests="1" name="parameters.QueryParameter" time="4.509" errors="0" timestamp="6 Sep 2022 06:43:03 GMT">
  <testcase classname="parameters.QueryParameter" name="queryPath" time="4.509"/>
</testsuite> <!-- parameters.QueryParameter -->
