<?xml version="1.0" encoding="UTF-8"?>
<!-- Generated by org.testng.reporters.JUnitReportReporter -->
<testsuite hostname="DESKTOP-2DC4B1N" failures="0" tests="1" name="ReqresAssignment.createProject" time="3.266" errors="0" timestamp="5 Sep 2022 05:41:08 GMT">
  <testcase classname="ReqresAssignment.createProject" name="addProject" time="3.266"/>
</testsuite> <!-- ReqresAssignment.createProject -->
