<?xml version="1.0" encoding="UTF-8"?>
<!-- Generated by org.testng.reporters.JUnitReportReporter -->
<testsuite hostname="DESKTOP-2DC4B1N" failures="0" tests="1" name="Authetication.BearerToken" time="8.377" errors="0" timestamp="6 Sep 2022 07:30:43 GMT">
  <testcase classname="Authetication.BearerToken" name="BearTokenAuth" time="8.377"/>
</testsuite> <!-- Authetication.BearerToken -->
