<?xml version="1.0" encoding="UTF-8"?>
<!-- Generated by org.testng.reporters.JUnitReportReporter -->
<testsuite hostname="DESKTOP-2DC4B1N" failures="0" tests="1" name="differentWaysToPostRequest.createProjectUsingFile" time="1.753" errors="0" timestamp="3 Sep 2022 05:55:50 GMT">
  <testcase classname="differentWaysToPostRequest.createProjectUsingFile" name="addPro" time="1.753"/>
</testsuite> <!-- differentWaysToPostRequest.createProjectUsingFile -->
