<?xml version="1.0" encoding="UTF-8"?>
<!-- Generated by org.testng.reporters.JUnitReportReporter -->
<testsuite hostname="DESKTOP-2DC4B1N" failures="0" tests="1" name="ReqresAssignment.GetTheProject" time="2.096" errors="0" timestamp="5 Sep 2022 05:59:28 GMT">
  <testcase classname="ReqresAssignment.GetTheProject" name="getThePro" time="2.096"/>
</testsuite> <!-- ReqresAssignment.GetTheProject -->
