<?xml version="1.0" encoding="UTF-8"?>
<!-- Generated by org.testng.reporters.JUnitReportReporter -->
<testsuite hostname="DESKTOP-2DC4B1N" failures="0" tests="1" name="differentWaysToPostRequest.jsonObjectPojoClass" time="2.195" errors="0" timestamp="2 Sep 2022 12:32:08 GMT">
  <testcase classname="differentWaysToPostRequest.jsonObjectPojoClass" name="createNewProject" time="2.195"/>
</testsuite> <!-- differentWaysToPostRequest.jsonObjectPojoClass -->
