<?xml version="1.0" encoding="UTF-8"?>
<!-- Generated by org.testng.reporters.JUnitReportReporter -->
<testsuite hostname="DESKTOP-2DC4B1N" failures="0" tests="1" name="assignmentOfPetStore.GetThePet" time="3.352" errors="0" timestamp="6 Sep 2022 11:41:29 GMT">
  <testcase classname="assignmentOfPetStore.GetThePet" name="get" time="3.352"/>
</testsuite> <!-- assignmentOfPetStore.GetThePet -->
