<?xml version="1.0" encoding="UTF-8"?>
<!-- Generated by org.testng.reporters.JUnitReportReporter -->
<testsuite hostname="DESKTOP-2DC4B1N" failures="0" tests="1" name="ReqresAssignment.deleteTheProject" time="2.506" errors="0" timestamp="5 Sep 2022 06:04:34 GMT">
  <testcase classname="ReqresAssignment.deleteTheProject" name="deleteProject" time="2.506"/>
</testsuite> <!-- ReqresAssignment.deleteTheProject -->
