<?xml version="1.0" encoding="UTF-8"?>
<!-- Generated by org.testng.reporters.JUnitReportReporter -->
<testsuite hostname="DESKTOP-2DC4B1N" failures="0" tests="4" name="dataProvider.postTheProjectUsingDataProvider" time="2.300" errors="0" timestamp="3 Sep 2022 07:22:06 GMT">
  <testcase classname="dataProvider.postTheProjectUsingDataProvider" name="createProject" time="2.179"/>
  <testcase classname="dataProvider.postTheProjectUsingDataProvider" name="createProject" time="0.043"/>
  <testcase classname="dataProvider.postTheProjectUsingDataProvider" name="createProject" time="0.047"/>
  <testcase classname="dataProvider.postTheProjectUsingDataProvider" name="createProject" time="0.031"/>
</testsuite> <!-- dataProvider.postTheProjectUsingDataProvider -->
