<?xml version="1.0" encoding="UTF-8"?>
<!-- Generated by org.testng.reporters.JUnitReportReporter -->
<testsuite hostname="DESKTOP-2DC4B1N" failures="0" tests="1" name="crudOperationsWithBDD.updateProjectTest" time="2.115" errors="0" timestamp="2 Sep 2022 10:29:49 GMT">
  <testcase classname="crudOperationsWithBDD.updateProjectTest" name="updateProject" time="2.115"/>
</testsuite> <!-- crudOperationsWithBDD.updateProjectTest -->
